TN:
SF:src/application/use-cases/author/create-author.use-case.ts
FN:9,(anonymous_4)
FN:12,(anonymous_5)
FNF:2
FNH:0
FNDA:0,(anonymous_4)
FNDA:0,(anonymous_5)
DA:1,0
DA:3,0
DA:5,0
DA:8,0
DA:10,0
DA:13,0
DA:15,0
LF:7
LH:0
BRF:0
BRH:0
end_of_record
TN:
SF:src/application/use-cases/author/find-all-authors.use-case.ts
FN:6,(anonymous_4)
FN:9,(anonymous_5)
FNF:2
FNH:0
FNDA:0,(anonymous_4)
FNDA:0,(anonymous_5)
DA:2,0
DA:5,0
DA:7,0
DA:10,0
LF:4
LH:0
BRF:0
BRH:0
end_of_record
TN:
SF:src/application/use-cases/author/find-author-by-id.use-case.ts
FN:6,(anonymous_4)
FN:9,(anonymous_5)
FNF:2
FNH:0
FNDA:0,(anonymous_4)
FNDA:0,(anonymous_5)
DA:2,0
DA:5,0
DA:7,0
DA:10,0
DA:11,0
LF:5
LH:0
BRF:0
BRH:0
end_of_record
TN:
SF:src/application/use-cases/author/update-author.use-case.ts
FN:7,(anonymous_4)
FN:11,(anonymous_5)
FNF:2
FNH:0
FNDA:0,(anonymous_4)
FNDA:0,(anonymous_5)
DA:1,0
DA:3,0
DA:6,0
DA:9,0
DA:12,0
DA:18,0
LF:6
LH:0
BRF:0
BRH:0
end_of_record
TN:
SF:src/application/use-cases/book/create-book.use-case.ts
FN:10,(anonymous_4)
FN:14,(anonymous_5)
FNF:2
FNH:1
FNDA:1,(anonymous_4)
FNDA:0,(anonymous_5)
DA:1,1
DA:3,1
DA:6,1
DA:9,1
DA:11,1
DA:15,0
DA:23,0
LF:7
LH:5
BRF:0
BRH:0
end_of_record
TN:
SF:src/application/use-cases/book/delete-book.use-case.ts
FN:8,(anonymous_4)
FN:12,(anonymous_5)
FNF:2
FNH:0
FNDA:0,(anonymous_4)
FNDA:0,(anonymous_5)
DA:1,0
DA:4,0
DA:7,0
DA:9,0
DA:13,0
LF:5
LH:0
BRF:0
BRH:0
end_of_record
TN:
SF:src/application/use-cases/book/find-all.use-case.ts
FN:9,(anonymous_4)
FN:13,(anonymous_5)
FNF:2
FNH:2
FNDA:1,(anonymous_4)
FNDA:1,(anonymous_5)
DA:1,1
DA:5,1
DA:8,1
DA:10,1
DA:17,1
LF:5
LH:5
BRF:0
BRH:0
end_of_record
TN:
SF:src/application/use-cases/book/find-book-by-title.use-case.ts
FN:5,(anonymous_0)
FN:6,(anonymous_1)
FNF:2
FNH:0
FNDA:0,(anonymous_0)
FNDA:0,(anonymous_1)
DA:4,0
DA:5,0
DA:7,0
LF:3
LH:0
BRF:0
BRH:0
end_of_record
TN:
SF:src/application/use-cases/book/find-by-id.use-case.ts
FN:9,(anonymous_4)
FN:12,(anonymous_5)
FNF:2
FNH:0
FNDA:0,(anonymous_4)
FNDA:0,(anonymous_5)
DA:1,0
DA:5,0
DA:8,0
DA:10,0
DA:13,0
LF:5
LH:0
BRF:0
BRH:0
end_of_record
TN:
SF:src/application/use-cases/book/update-book.use-case.ts
FN:9,(anonymous_4)
FN:12,(anonymous_5)
FNF:2
FNH:0
FNDA:0,(anonymous_4)
FNDA:0,(anonymous_5)
DA:1,0
DA:3,0
DA:5,0
DA:8,0
DA:10,0
DA:13,0
DA:22,0
LF:7
LH:0
BRF:0
BRH:0
end_of_record
TN:
SF:src/infra/container/container-inject.ts
FNF:0
FNH:0
DA:1,0
DA:2,0
DA:3,0
DA:5,0
DA:9,0
LF:5
LH:0
BRF:0
BRH:0
end_of_record
TN:
SF:src/infra/database/client/prisma.client.ts
FN:6,(anonymous_2)
FN:9,(anonymous_3)
FN:12,(anonymous_4)
FN:17,(anonymous_5)
FN:29,oo_cm
FNF:5
FNH:3
FNDA:1,(anonymous_2)
FNDA:1,(anonymous_3)
FNDA:0,(anonymous_4)
FNDA:0,(anonymous_5)
FNDA:1,oo_cm
DA:1,1
DA:2,1
DA:5,1
DA:7,1
DA:8,1
DA:10,1
DA:13,0
DA:18,0
DA:22,1
DA:29,1
LF:10
LH:8
BRDA:29,0,0,1
BRDA:29,0,1,1
BRF:2
BRH:2
end_of_record
TN:
SF:src/infra/database/seeder/author.seed.ts
FN:172,(anonymous_0)
FN:179,(anonymous_1)
FNF:2
FNH:0
FNDA:0,(anonymous_0)
FNDA:0,(anonymous_1)
DA:1,0
DA:3,0
DA:4,0
DA:6,0
DA:8,0
DA:56,0
DA:136,0
DA:172,0
DA:173,0
DA:175,0
DA:176,0
DA:178,0
DA:179,0
DA:180,0
DA:181,0
DA:182,0
DA:184,0
DA:204,0
LF:18
LH:0
BRDA:180,0,0,0
BRF:1
BRH:0
end_of_record
TN:
SF:src/infra/database/seeder/seed.ts
FN:6,main
FN:11,(anonymous_1)
FN:15,(anonymous_2)
FNF:3
FNH:0
FNDA:0,main
FNDA:0,(anonymous_1)
FNDA:0,(anonymous_2)
DA:1,0
DA:2,0
DA:4,0
DA:7,0
DA:10,0
DA:12,0
DA:13,0
DA:16,0
LF:8
LH:0
BRF:0
BRH:0
end_of_record
TN:
SF:src/infra/helpers/convert-images-bas-64.helper.ts
FN:4,(anonymous_0)
FNF:1
FNH:0
FNDA:0,(anonymous_0)
DA:1,0
DA:4,0
DA:5,0
DA:6,0
DA:7,0
DA:8,0
DA:9,0
DA:11,0
DA:13,0
DA:14,0
LF:10
LH:0
BRF:0
BRH:0
end_of_record
TN:
SF:src/infra/helpers/limit-word.helper.ts
FN:1,limitWord
FNF:1
FNH:0
FNDA:0,limitWord
DA:1,1
DA:2,0
DA:3,0
DA:4,0
DA:6,0
LF:5
LH:1
BRDA:3,0,0,0
BRF:1
BRH:0
end_of_record
TN:
SF:src/infra/logger/logger.service.ts
FN:8,(anonymous_3)
FN:20,(anonymous_4)
FN:24,(anonymous_5)
FN:28,(anonymous_6)
FN:32,(anonymous_7)
FNF:5
FNH:0
FNDA:0,(anonymous_3)
FNDA:0,(anonymous_4)
FNDA:0,(anonymous_5)
FNDA:0,(anonymous_6)
FNDA:0,(anonymous_7)
DA:1,1
DA:2,1
DA:5,1
DA:9,0
DA:21,0
DA:25,0
DA:29,0
DA:33,0
LF:8
LH:3
BRDA:10,0,0,0
BRDA:10,0,1,0
BRF:2
BRH:0
end_of_record
TN:
SF:src/infra/mapper/books.mapper.ts
FN:4,(anonymous_0)
FNF:1
FNH:0
FNDA:0,(anonymous_0)
DA:3,0
DA:8,0
LF:2
LH:0
BRF:0
BRH:0
end_of_record
TN:
SF:src/infra/repository/author.repository.ts
FN:18,(anonymous_4)
FN:22,(anonymous_5)
FN:29,(anonymous_6)
FN:46,(anonymous_7)
FN:59,(anonymous_8)
FN:74,(anonymous_9)
FN:93,(anonymous_10)
FN:94,(anonymous_11)
FN:99,(anonymous_12)
FN:101,(anonymous_13)
FN:113,(anonymous_14)
FN:114,(anonymous_15)
FN:122,(anonymous_16)
FN:123,(anonymous_17)
FN:132,(anonymous_18)
FN:133,(anonymous_19)
FNF:16
FNH:0
FNDA:0,(anonymous_4)
FNDA:0,(anonymous_5)
FNDA:0,(anonymous_6)
FNDA:0,(anonymous_7)
FNDA:0,(anonymous_8)
FNDA:0,(anonymous_9)
FNDA:0,(anonymous_10)
FNDA:0,(anonymous_11)
FNDA:0,(anonymous_12)
FNDA:0,(anonymous_13)
FNDA:0,(anonymous_14)
FNDA:0,(anonymous_15)
FNDA:0,(anonymous_16)
FNDA:0,(anonymous_17)
FNDA:0,(anonymous_18)
FNDA:0,(anonymous_19)
DA:3,0
DA:5,0
DA:6,0
DA:17,0
DA:19,0
DA:20,0
DA:23,0
DA:25,0
DA:27,0
DA:30,0
DA:32,0
DA:40,0
DA:42,0
DA:44,0
DA:47,0
DA:53,0
DA:54,0
DA:57,0
DA:60,0
DA:66,0
DA:67,0
DA:70,0
DA:72,0
DA:75,0
DA:77,0
DA:82,0
DA:89,0
DA:93,0
DA:95,0
DA:97,0
DA:100,0
DA:101,0
DA:104,0
DA:105,0
DA:108,0
DA:110,0
DA:114,0
DA:115,0
DA:116,0
DA:119,0
DA:123,0
DA:125,0
DA:126,0
DA:129,0
DA:133,0
DA:134,0
DA:135,0
DA:138,0
DA:142,0
LF:49
LH:0
BRDA:53,0,0,0
BRDA:66,1,0,0
BRDA:104,2,0,0
BRDA:115,3,0,0
BRDA:125,4,0,0
BRDA:134,5,0,0
BRF:6
BRH:0
end_of_record
TN:
SF:src/infra/repository/book.repository.ts
FN:24,(anonymous_4)
FN:28,(anonymous_5)
FN:50,(anonymous_6)
FN:66,(anonymous_7)
FN:106,(anonymous_8)
FN:126,(anonymous_9)
FN:139,(anonymous_10)
FN:164,(anonymous_11)
FN:206,(anonymous_12)
FN:209,(anonymous_13)
FN:211,(anonymous_14)
FN:223,(anonymous_15)
FN:224,(anonymous_16)
FN:233,(anonymous_17)
FN:234,(anonymous_18)
FN:243,(anonymous_19)
FN:247,(anonymous_20)
FN:249,(anonymous_21)
FN:252,(anonymous_22)
FN:253,(anonymous_23)
FNF:20
FNH:2
FNDA:0,(anonymous_4)
FNDA:0,(anonymous_5)
FNDA:0,(anonymous_6)
FNDA:0,(anonymous_7)
FNDA:0,(anonymous_8)
FNDA:0,(anonymous_9)
FNDA:0,(anonymous_10)
FNDA:0,(anonymous_11)
FNDA:1,(anonymous_12)
FNDA:0,(anonymous_13)
FNDA:0,(anonymous_14)
FNDA:0,(anonymous_15)
FNDA:0,(anonymous_16)
FNDA:0,(anonymous_17)
FNDA:0,(anonymous_18)
FNDA:1,(anonymous_19)
FNDA:0,(anonymous_20)
FNDA:0,(anonymous_21)
FNDA:0,(anonymous_22)
FNDA:0,(anonymous_23)
DA:2,1
DA:3,1
DA:4,1
DA:5,1
DA:6,1
DA:8,1
DA:23,1
DA:25,0
DA:26,0
DA:32,0
DA:50,0
DA:51,0
DA:64,0
DA:67,0
DA:73,0
DA:74,0
DA:77,0
DA:83,0
DA:84,0
DA:85,0
DA:90,0
DA:101,0
DA:103,0
DA:107,0
DA:120,0
DA:121,0
DA:124,0
DA:127,0
DA:129,0
DA:130,0
DA:133,0
DA:140,0
DA:149,0
DA:150,0
DA:153,0
DA:162,0
DA:165,0
DA:167,0
DA:172,0
DA:173,0
DA:176,0
DA:182,0
DA:183,0
DA:184,0
DA:189,0
DA:202,0
DA:206,1
DA:207,1
DA:210,0
DA:211,0
DA:214,0
DA:215,0
DA:218,0
DA:220,0
DA:224,0
DA:226,0
DA:227,0
DA:230,0
DA:234,0
DA:236,0
DA:237,0
DA:240,0
DA:244,1
DA:248,0
DA:249,0
DA:253,0
DA:255,0
DA:256,0
DA:259,0
DA:263,0
LF:70
LH:10
BRDA:73,0,0,0
BRDA:83,1,0,0
BRDA:120,2,0,0
BRDA:129,3,0,0
BRDA:149,4,0,0
BRDA:172,5,0,0
BRDA:182,6,0,0
BRDA:214,7,0,0
BRDA:226,8,0,0
BRDA:236,9,0,0
BRDA:255,10,0,0
BRF:11
BRH:0
end_of_record
TN:
SF:src/presenters/controllers/author.controller.ts
FN:12,(anonymous_4)
FN:22,(anonymous_5)
FN:38,(anonymous_6)
FN:44,(anonymous_7)
FN:50,(anonymous_8)
FNF:5
FNH:0
FNDA:0,(anonymous_4)
FNDA:0,(anonymous_5)
FNDA:0,(anonymous_6)
FNDA:0,(anonymous_7)
FNDA:0,(anonymous_8)
DA:1,0
DA:3,0
DA:5,0
DA:7,0
DA:8,0
DA:11,0
DA:13,0
DA:15,0
DA:17,0
DA:19,0
DA:23,0
DA:25,0
DA:26,0
DA:30,0
DA:32,0
DA:39,0
DA:41,0
DA:45,0
DA:47,0
DA:51,0
DA:56,0
LF:21
LH:0
BRDA:33,0,0,0
BRDA:33,0,1,0
BRF:2
BRH:0
end_of_record
TN:
SF:src/presenters/controllers/book.controller.ts
FN:17,(anonymous_4)
FN:30,(anonymous_5)
FN:43,(anonymous_6)
FN:55,(anonymous_7)
FN:75,(anonymous_8)
FN:95,(anonymous_9)
FNF:6
FNH:0
FNDA:0,(anonymous_4)
FNDA:0,(anonymous_5)
FNDA:0,(anonymous_6)
FNDA:0,(anonymous_7)
FNDA:0,(anonymous_8)
FNDA:0,(anonymous_9)
DA:1,0
DA:4,0
DA:5,0
DA:6,0
DA:7,0
DA:8,0
DA:16,0
DA:19,0
DA:21,0
DA:23,0
DA:25,0
DA:27,0
DA:34,0
DA:35,0
DA:40,0
DA:44,0
DA:45,0
DA:47,0
DA:49,0
DA:56,0
DA:58,0
DA:59,0
DA:67,0
DA:69,0
DA:76,0
DA:78,0
DA:79,0
DA:87,0
DA:89,0
DA:96,0
DA:97,0
LF:31
LH:0
BRDA:50,0,0,0
BRDA:50,0,1,0
BRDA:70,1,0,0
BRDA:70,1,1,0
BRDA:90,2,0,0
BRDA:90,2,1,0
BRF:6
BRH:0
end_of_record
TN:
SF:src/presenters/routes/author.routes.ts
FN:7,(anonymous_0)
FN:13,(anonymous_1)
FN:19,(anonymous_2)
FN:25,(anonymous_3)
FNF:4
FNH:0
FNDA:0,(anonymous_0)
FNDA:0,(anonymous_1)
FNDA:0,(anonymous_2)
FNDA:0,(anonymous_3)
DA:1,0
DA:2,0
DA:3,0
DA:5,0
DA:7,0
DA:8,0
DA:10,0
DA:13,0
DA:14,0
DA:16,0
DA:19,0
DA:20,0
DA:22,0
DA:25,0
DA:26,0
DA:28,0
DA:31,0
LF:17
LH:0
BRF:0
BRH:0
end_of_record
TN:
SF:src/presenters/routes/book.routes.ts
FN:7,(anonymous_0)
FN:13,(anonymous_1)
FN:19,(anonymous_2)
FN:25,(anonymous_3)
FN:31,(anonymous_4)
FNF:5
FNH:0
FNDA:0,(anonymous_0)
FNDA:0,(anonymous_1)
FNDA:0,(anonymous_2)
FNDA:0,(anonymous_3)
FNDA:0,(anonymous_4)
DA:1,0
DA:2,0
DA:3,0
DA:5,0
DA:7,0
DA:8,0
DA:10,0
DA:13,0
DA:14,0
DA:16,0
DA:19,0
DA:20,0
DA:22,0
DA:25,0
DA:26,0
DA:28,0
DA:31,0
DA:32,0
DA:34,0
DA:37,0
LF:20
LH:0
BRF:0
BRH:0
end_of_record
